# JRE version: OpenJDK Runtime Environment (21.0.1+12) (build 21.0.1+12-29)
# Java VM: OpenJDK 64-Bit Server VM (21.0.1+12-29, mixed mode, sharing, tiered, compressed oops, compressed class ptrs, g1 gc, windows-amd64)
GC Precious Log:
 CardTable entry size: 512
 Card Set container configuration: InlinePtr #cards 4 size 8 Array Of Cards #cards 16 size 48 Howl #buckets 8 coarsen threshold 3686 Howl Bitmap #cards 512 size 80 coarsen threshold 460 Card regions per heap region 1 cards per card region 4096
 CPUs: 16 total, 16 available
 Memory: 16270M
 Large Page Support: Disabled
 NUMA Support: Disabled
 Compressed Oops: Enabled (Zero based)
 Heap Region Size: 2M
 Heap Min Capacity: 8M
 Heap Initial Capacity: 256M
 Heap Max Capacity: 4068M
 Pre-touch: Disabled
 Parallel Workers: 13
 Concurrent Workers: 3
 Concurrent Refinement Workers: 13
 Periodic GC: Disabled
Heap:
 garbage-first heap   total 276480K, used 271645K [0x0000000701c00000, 0x0000000800000000)
  region size 2048K, 45 young (92160K), 2 survivors (4096K)
 Metaspace       used 22256K, committed 22656K, reserved 1114112K
  class space    used 3095K, committed 3264K, reserved 1048576K
GC Heap History (12 events):
Event: 0.862 GC heap before
{Heap before GC invocations=0 (full 0):
 garbage-first heap   total 262144K, used 22528K [0x0000000701c00000, 0x0000000800000000)
  region size 2048K, 11 young (22528K), 0 survivors (0K)
 Metaspace       used 3576K, committed 3840K, reserved 1114112K
  class space    used 369K, committed 512K, reserved 1048576K
}
Event: 0.866 GC heap after
{Heap after GC invocations=1 (full 0):
 garbage-first heap   total 262144K, used 2186K [0x0000000701c00000, 0x0000000800000000)
  region size 2048K, 2 young (4096K), 2 survivors (4096K)
 Metaspace       used 3576K, committed 3840K, reserved 1114112K
  class space    used 369K, committed 512K, reserved 1048576K
}
Event: 1.403 GC heap before
{Heap before GC invocations=1 (full 0):
 garbage-first heap   total 262144K, used 45194K [0x0000000701c00000, 0x0000000800000000)
  region size 2048K, 22 young (45056K), 2 survivors (4096K)
 Metaspace       used 12485K, committed 12864K, reserved 1114112K
  class space    used 1698K, committed 1856K, reserved 1048576K
}
Event: 1.411 GC heap after
{Heap after GC invocations=2 (full 0):
 garbage-first heap   total 262144K, used 13255K [0x0000000701c00000, 0x0000000800000000)
  region size 2048K, 3 young (6144K), 3 survivors (6144K)
 Metaspace       used 12485K, committed 12864K, reserved 1114112K
  class space    used 1698K, committed 1856K, reserved 1048576K
}
Event: 29.213 GC heap before
{Heap before GC invocations=2 (full 0):
 garbage-first heap   total 262144K, used 142279K [0x0000000701c00000, 0x0000000800000000)
  region size 2048K, 15 young (30720K), 3 survivors (6144K)
 Metaspace       used 17187K, committed 17536K, reserved 1114112K
  class space    used 2464K, committed 2624K, reserved 1048576K
}
Event: 29.217 GC heap after
{Heap after GC invocations=3 (full 0):
 garbage-first heap   total 262144K, used 121383K [0x0000000701c00000, 0x0000000800000000)
  region size 2048K, 4 young (8192K), 4 survivors (8192K)
 Metaspace       used 17187K, committed 17536K, reserved 1114112K
  class space    used 2464K, committed 2624K, reserved 1048576K
}
Event: 29.285 GC heap before
{Heap before GC invocations=3 (full 0):
 garbage-first heap   total 262144K, used 139815K [0x0000000701c00000, 0x0000000800000000)
  region size 2048K, 7 young (14336K), 4 survivors (8192K)
 Metaspace       used 17761K, committed 18112K, reserved 1114112K
  class space    used 2572K, committed 2752K, reserved 1048576K
}
Event: 29.288 GC heap after
{Heap after GC invocations=4 (full 0):
 garbage-first heap   total 262144K, used 136135K [0x0000000701c00000, 0x0000000800000000)
  region size 2048K, 4 young (8192K), 4 survivors (8192K)
 Metaspace       used 17761K, committed 18112K, reserved 1114112K
  class space    used 2572K, committed 2752K, reserved 1048576K
}
Event: 29.410 GC heap before
{Heap before GC invocations=5 (full 0):
 garbage-first heap   total 262144K, used 156615K [0x0000000701c00000, 0x0000000800000000)
  region size 2048K, 6 young (12288K), 4 survivors (8192K)
 Metaspace       used 17800K, committed 18176K, reserved 1114112K
  class space    used 2572K, committed 2752K, reserved 1048576K
}
Event: 29.414 GC heap after
{Heap after GC invocations=6 (full 0):
 garbage-first heap   total 262144K, used 156114K [0x0000000701c00000, 0x0000000800000000)
  region size 2048K, 4 young (8192K), 4 survivors (8192K)
 Metaspace       used 17800K, committed 18176K, reserved 1114112K
  class space    used 2572K, committed 2752K, reserved 1048576K
}
Event: 29.430 GC heap before
{Heap before GC invocations=7 (full 0):
 garbage-first heap   total 270336K, used 160210K [0x0000000701c00000, 0x0000000800000000)
  region size 2048K, 5 young (10240K), 4 survivors (8192K)
 Metaspace       used 17800K, committed 18176K, reserved 1114112K
  class space    used 2572K, committed 2752K, reserved 1048576K
}
Event: 29.432 GC heap after
{Heap after GC invocations=8 (full 0):
 garbage-first heap   total 270336K, used 159005K [0x0000000701c00000, 0x0000000800000000)
  region size 2048K, 2 young (4096K), 2 survivors (4096K)
 Metaspace       used 17800K, committed 18176K, reserved 1114112K
  class space    used 2572K, committed 2752K, reserved 1048576K
}

